<?xml version="1.0" encoding="UTF-8"?>
<testsuite xmlns:xsi="http://www.w3.org/2001/XMLSchema-instance" xsi:noNamespaceSchemaLocation="https://maven.apache.org/surefire/maven-surefire-plugin/xsd/surefire-test-report.xsd" name="services.implementations.ApplicationServiceImplTest" time="0.041" tests="4" errors="0" skipped="0" failures="0">
  <properties>
[...]
</properties>
  <testcase name="testCheckIfExists_applicationExists_shouldReturnTrue" classname="services.implementations.ApplicationServiceImplTest" time="0.029"/>
  <testcase name="testSave_applicationExists_shouldReturnTrue" classname="services.implementations.ApplicationServiceImplTest" time="0.003"/>
  <testcase name="testSave_applicationDoesNotExist_shouldReturnFalse" classname="services.implementations.ApplicationServiceImplTest" time="0.003"/>
  <testcase name="testCheckIfExists_applicationDoesNotExist_shouldReturnFalse" classname="services.implementations.ApplicationServiceImplTest" time="0.003"/>
</testsuite>